<?xml version="1.0" encoding="UTF-8"?>
<!-- Generated by org.testng.reporters.JUnitReportReporter -->
<testsuite hostname="Lenovo-PC" failures="0" tests="2" name="Test.BasicIntro" time="0.008" errors="0" timestamp="2021-12-13T20:45:44 IST" skipped="0">
  <testcase classname="Test.BasicIntro" name="Demobasics" time="0.005"/>
  <system-out/>
  <testcase classname="Test.BasicIntro" name="Demo1" time="0.003"/>
  <system-out/>
</testsuite> <!-- Test.BasicIntro -->
