<?xml version="1.0" encoding="UTF-8"?>
<!-- Generated by org.testng.reporters.JUnitReportReporter -->
<testsuite hostname="Lenovo-PC" failures="0" tests="1" name="Test.Demo" time="0.003" errors="0" timestamp="2021-12-13T20:45:44 IST" skipped="0">
  <testcase classname="Test.Demo" name="test" time="0.003"/>
  <system-out/>
</testsuite> <!-- Test.Demo -->
