<?xml version="1.0" encoding="UTF-8"?>
<!-- Generated by org.testng.reporters.JUnitReportReporter -->
<testsuite hostname="Lenovo-PC" failures="0" tests="3" name="Test.Demo1" time="0.012" errors="0" timestamp="2021-12-13T20:45:44 IST" skipped="0">
  <testcase classname="Test.Demo1" name="test" time="0.002"/>
  <system-out/>
  <testcase classname="Test.Demo1" name="test" time="0.002"/>
  <system-out/>
  <testcase classname="Test.Demo1" name="test" time="0.008"/>
  <system-out/>
</testsuite> <!-- Test.Demo1 -->
