<?xml version="1.0" encoding="UTF-8"?>
<!-- Generated by org.testng.reporters.JUnitReportReporter -->
<testsuite hostname="Lenovo-PC" failures="0" tests="1" name="BasicIntro" time="0.013" errors="0" timestamp="2021-12-10T13:09:04 IST" skipped="0">
  <testcase classname="BasicIntro" name="Demo" time="0.013"/>
  <system-out/>
</testsuite> <!-- BasicIntro -->
